# JRE version: Java(TM) SE Runtime Environment (8.0_05-b13) (build 1.8.0_05-b13)
# Java VM: Java HotSpot(TM) 64-Bit Server VM (25.5-b02 mixed mode linux-amd64 compressed oops)
Heap:
 PSYoungGen      total 73216K, used 27909K [0x00000000f5580000, 0x00000000fbb80000, 0x0000000100000000)
  eden space 60928K, 31% used [0x00000000f5580000,0x00000000f6816460,0x00000000f9100000)
  from space 12288K, 72% used [0x00000000f9100000,0x00000000f99ab038,0x00000000f9d00000)
  to   space 17408K, 0% used [0x00000000faa80000,0x00000000faa80000,0x00000000fbb80000)
 ParOldGen       total 51712K, used 39161K [0x00000000e0000000, 0x00000000e3280000, 0x00000000f5580000)
  object space 51712K, 75% used [0x00000000e0000000,0x00000000e263e450,0x00000000e3280000)
 Metaspace       used 57137K, capacity 63254K, committed 63604K, reserved 1103872K
  class space    used 7232K, capacity 9005K, committed 9076K, reserved 1048576K
GC Heap History (10 events):
Event: 6.724 GC heap before
{Heap before GC invocations=20 (full 1):
 PSYoungGen      total 61440K, used 20718K [0x00000000f5580000, 0x00000000fa380000, 0x0000000100000000)
  eden space 53248K, 23% used [0x00000000f5580000,0x00000000f61be320,0x00000000f8980000)
  from space 8192K, 99% used [0x00000000f9b80000,0x00000000fa37d8d0,0x00000000fa380000)
  to   space 11264K, 0% used [0x00000000f8d80000,0x00000000f8d80000,0x00000000f9880000)
 ParOldGen       total 39424K, used 28606K [0x00000000e0000000, 0x00000000e2680000, 0x00000000f5580000)
  object space 39424K, 72% used [0x00000000e0000000,0x00000000e1bef898,0x00000000e2680000)
 Metaspace       used 32060K, capacity 35406K, committed 35444K, reserved 1079296K
  class space    used 3918K, capacity 4966K, committed 4980K, reserved 1048576K
Event: 6.734 GC heap after
Heap after GC invocations=20 (full 1):
 PSYoungGen      total 68608K, used 4183K [0x00000000f5580000, 0x00000000fa780000, 0x0000000100000000)
  eden space 57344K, 0% used [0x00000000f5580000,0x00000000f5580000,0x00000000f8d80000)
  from space 11264K, 37% used [0x00000000f8d80000,0x00000000f9195dd8,0x00000000f9880000)
  to   space 10752K, 0% used [0x00000000f9d00000,0x00000000f9d00000,0x00000000fa780000)
 ParOldGen       total 39424K, used 34116K [0x00000000e0000000, 0x00000000e2680000, 0x00000000f5580000)
  object space 39424K, 86% used [0x00000000e0000000,0x00000000e2151188,0x00000000e2680000)
 Metaspace       used 32060K, capacity 35406K, committed 35444K, reserved 1079296K
  class space    used 3918K, capacity 4966K, committed 4980K, reserved 1048576K
}
Event: 6.734 GC heap before
{Heap before GC invocations=21 (full 2):
 PSYoungGen      total 68608K, used 4183K [0x00000000f5580000, 0x00000000fa780000, 0x0000000100000000)
  eden space 57344K, 0% used [0x00000000f5580000,0x00000000f5580000,0x00000000f8d80000)
  from space 11264K, 37% used [0x00000000f8d80000,0x00000000f9195dd8,0x00000000f9880000)
  to   space 10752K, 0% used [0x00000000f9d00000,0x00000000f9d00000,0x00000000fa780000)
 ParOldGen       total 39424K, used 34116K [0x00000000e0000000, 0x00000000e2680000, 0x00000000f5580000)
  object space 39424K, 86% used [0x00000000e0000000,0x00000000e2151188,0x00000000e2680000)
 Metaspace       used 32060K, capacity 35406K, committed 35444K, reserved 1079296K
  class space    used 3918K, capacity 4966K, committed 4980K, reserved 1048576K
Event: 6.818 GC heap after
Heap after GC invocations=21 (full 2):
 PSYoungGen      total 68608K, used 0K [0x00000000f5580000, 0x00000000fa780000, 0x0000000100000000)
  eden space 57344K, 0% used [0x00000000f5580000,0x00000000f5580000,0x00000000f8d80000)
  from space 11264K, 0% used [0x00000000f8d80000,0x00000000f8d80000,0x00000000f9880000)
  to   space 10752K, 0% used [0x00000000f9d00000,0x00000000f9d00000,0x00000000fa780000)
 ParOldGen       total 39424K, used 30369K [0x00000000e0000000, 0x00000000e2680000, 0x00000000f5580000)
  object space 39424K, 77% used [0x00000000e0000000,0x00000000e1da8650,0x00000000e2680000)
 Metaspace       used 32060K, capacity 35406K, committed 35444K, reserved 1079296K
  class space    used 3918K, capacity 4966K, committed 4980K, reserved 1048576K
}
Event: 8.402 GC heap before
{Heap before GC invocations=22 (full 2):
 PSYoungGen      total 68608K, used 57344K [0x00000000f5580000, 0x00000000fa780000, 0x0000000100000000)
  eden space 57344K, 100% used [0x00000000f5580000,0x00000000f8d80000,0x00000000f8d80000)
  from space 11264K, 0% used [0x00000000f8d80000,0x00000000f8d80000,0x00000000f9880000)
  to   space 10752K, 0% used [0x00000000f9d00000,0x00000000f9d00000,0x00000000fa780000)
 ParOldGen       total 39424K, used 30369K [0x00000000e0000000, 0x00000000e2680000, 0x00000000f5580000)
  object space 39424K, 77% used [0x00000000e0000000,0x00000000e1da8650,0x00000000e2680000)
 Metaspace       used 40551K, capacity 44576K, committed 44660K, reserved 1087488K
  class space    used 5002K, capacity 6218K, committed 6260K, reserved 1048576K
Event: 8.414 GC heap after
Heap after GC invocations=22 (full 2):
 PSYoungGen      total 71680K, used 10557K [0x00000000f5580000, 0x00000000fae00000, 0x0000000100000000)
  eden space 60928K, 0% used [0x00000000f5580000,0x00000000f5580000,0x00000000f9100000)
  from space 10752K, 98% used [0x00000000f9d00000,0x00000000fa74f688,0x00000000fa780000)
  to   space 12288K, 0% used [0x00000000f9100000,0x00000000f9100000,0x00000000f9d00000)
 ParOldGen       total 39424K, used 30377K [0x00000000e0000000, 0x00000000e2680000, 0x00000000f5580000)
  object space 39424K, 77% used [0x00000000e0000000,0x00000000e1daa650,0x00000000e2680000)
 Metaspace       used 40551K, capacity 44576K, committed 44660K, reserved 1087488K
  class space    used 5002K, capacity 6218K, committed 6260K, reserved 1048576K
}
Event: 10.400 GC heap before
{Heap before GC invocations=23 (full 2):
 PSYoungGen      total 71680K, used 61671K [0x00000000f5580000, 0x00000000fae00000, 0x0000000100000000)
  eden space 60928K, 83% used [0x00000000f5580000,0x00000000f876a690,0x00000000f9100000)
  from space 10752K, 98% used [0x00000000f9d00000,0x00000000fa74f688,0x00000000fa780000)
  to   space 12288K, 0% used [0x00000000f9100000,0x00000000f9100000,0x00000000f9d00000)
 ParOldGen       total 39424K, used 30377K [0x00000000e0000000, 0x00000000e2680000, 0x00000000f5580000)
  object space 39424K, 77% used [0x00000000e0000000,0x00000000e1daa650,0x00000000e2680000)
 Metaspace       used 53095K, capacity 58860K, committed 58996K, reserved 1099776K
  class space    used 6730K, capacity 8456K, committed 8564K, reserved 1048576K
Event: 10.427 GC heap after
Heap after GC invocations=23 (full 2):
 PSYoungGen      total 73216K, used 12274K [0x00000000f5580000, 0x00000000fbb80000, 0x0000000100000000)
  eden space 60928K, 0% used [0x00000000f5580000,0x00000000f5580000,0x00000000f9100000)
  from space 12288K, 99% used [0x00000000f9100000,0x00000000f9cfc980,0x00000000f9d00000)
  to   space 17408K, 0% used [0x00000000faa80000,0x00000000faa80000,0x00000000fbb80000)
 ParOldGen       total 39424K, used 39037K [0x00000000e0000000, 0x00000000e2680000, 0x00000000f5580000)
  object space 39424K, 99% used [0x00000000e0000000,0x00000000e261f5b0,0x00000000e2680000)
 Metaspace       used 53095K, capacity 58860K, committed 58996K, reserved 1099776K
  class space    used 6730K, capacity 8456K, committed 8564K, reserved 1048576K
}
Event: 10.427 GC heap before
{Heap before GC invocations=24 (full 3):
 PSYoungGen      total 73216K, used 12274K [0x00000000f5580000, 0x00000000fbb80000, 0x0000000100000000)
  eden space 60928K, 0% used [0x00000000f5580000,0x00000000f5580000,0x00000000f9100000)
  from space 12288K, 99% used [0x00000000f9100000,0x00000000f9cfc980,0x00000000f9d00000)
  to   space 17408K, 0% used [0x00000000faa80000,0x00000000faa80000,0x00000000fbb80000)
 ParOldGen       total 39424K, used 39037K [0x00000000e0000000, 0x00000000e2680000, 0x00000000f5580000)
  object space 39424K, 99% used [0x00000000e0000000,0x00000000e261f5b0,0x00000000e2680000)
 Metaspace       used 53095K, capacity 58860K, committed 58996K, reserved 1099776K
  class space    used 6730K, capacity 8456K, committed 8564K, reserved 1048576K
Event: 10.855 GC heap after
Heap after GC invocations=24 (full 3):
 PSYoungGen      total 73216K, used 8876K [0x00000000f5580000, 0x00000000fbb80000, 0x0000000100000000)
  eden space 60928K, 0% used [0x00000000f5580000,0x00000000f5580000,0x00000000f9100000)
  from space 12288K, 72% used [0x00000000f9100000,0x00000000f99ab038,0x00000000f9d00000)
  to   space 17408K, 0% used [0x00000000faa80000,0x00000000faa80000,0x00000000fbb80000)
 ParOldGen       total 51712K, used 39161K [0x00000000e0000000, 0x00000000e3280000, 0x00000000f5580000)
  object space 51712K, 75% used [0x00000000e0000000,0x00000000e263e450,0x00000000e3280000)
 Metaspace       used 53095K, capacity 58860K, committed 58996K, reserved 1099776K
  class space    used 6730K, capacity 8456K, committed 8564K, reserved 1048576K
}

